This is pdfTeX, Version 3.14159265-2.6-1.40.18 (TeX Live 2017/Arch Linux) (preloaded format=latex 2018.3.4)  18 JUN 2018 14:20
entering extended mode
 restricted \write18 enabled.
 %&-line parsing enabled.
**main.tex
(./main.tex
LaTeX2e <2017-04-15>
Babel <3.18> and hyphenation patterns for 84 language(s) loaded.
(./annales.sty (/usr/share/texmf-dist/tex/latex/base/article.cls
Document Class: article 2014/09/29 v1.4h Standard LaTeX document class
(/usr/share/texmf-dist/tex/latex/base/size10.clo
File: size10.clo 2014/09/29 v1.4h Standard LaTeX file (size option)
)
\c@part=\count79
\c@section=\count80
\c@subsection=\count81
\c@subsubsection=\count82
\c@paragraph=\count83
\c@subparagraph=\count84
\c@figure=\count85
\c@table=\count86
\abovecaptionskip=\skip41
\belowcaptionskip=\skip42
\bibindent=\dimen102
)
(/usr/share/texmf-dist/tex/generic/babel/babel.sty
Package: babel 2018/02/14 3.18 The Babel package

(/usr/share/texmf-dist/tex/generic/babel/switch.def
File: switch.def 2018/02/14 3.18 Babel switching mechanism
) (./frenchb.ldf
File: frenchb 1999/08/18 v1.3g French support from the babel system

(/usr/share/texmf-dist/tex/generic/babel/babel.def
File: babel.def 2018/02/14 3.18 Babel common definitions
\babel@savecnt=\count87
\U@D=\dimen103

(/usr/share/texmf-dist/tex/generic/babel/txtbabel.def)
\bbl@dirlevel=\count88
)
Package babel Info: Making : an active character on input line 126.
Package babel Info: Making ; an active character on input line 127.
Package babel Info: Making ! an active character on input line 128.
Package babel Info: Making ? an active character on input line 129.
))
(/usr/share/texmf-dist/tex/latex/base/fontenc.sty
Package: fontenc 2017/04/05 v2.0i Standard LaTeX package

(/usr/share/texmf-dist/tex/latex/base/t1enc.def
File: t1enc.def 2017/04/05 v2.0i Standard LaTeX file
LaTeX Font Info:    Redeclaring font encoding T1 on input line 48.
))
(/usr/share/texmf-dist/tex/latex/base/inputenc.sty
Package: inputenc 2015/03/17 v1.2c Input encoding file
\inpenc@prehook=\toks14
\inpenc@posthook=\toks15

(/usr/share/texmf-dist/tex/latex/base/latin1.def
File: latin1.def 2015/03/17 v1.2c Input encoding file
))
(/usr/share/texmf-dist/tex/latex/vmargin/vmargin.sty
Package: vmargin 2004/07/15 V2.5 set document margins (VK)

Package: vmargin 2004/07/15 V2.5 set document margins (VK)
\PaperWidth=\dimen104
\PaperHeight=\dimen105
) (/usr/share/texmf-dist/tex/latex/fancyhdr/fancyhdr.sty
Package: fancyhdr 2017/06/30 v3.9a Extensive control of page headers and footer
s
\f@nch@headwidth=\skip43
\f@nch@O@elh=\skip44
\f@nch@O@erh=\skip45
\f@nch@O@olh=\skip46
\f@nch@O@orh=\skip47
\f@nch@O@elf=\skip48
\f@nch@O@erf=\skip49
\f@nch@O@olf=\skip50
\f@nch@O@orf=\skip51
)
(/usr/share/texmf-dist/tex/latex/tools/calc.sty
Package: calc 2014/10/28 v4.3 Infix arithmetic (KKT,FJ)
\calc@Acount=\count89
\calc@Bcount=\count90
\calc@Adimen=\dimen106
\calc@Bdimen=\dimen107
\calc@Askip=\skip52
\calc@Bskip=\skip53
LaTeX Info: Redefining \setlength on input line 80.
LaTeX Info: Redefining \addtolength on input line 81.
\calc@Ccount=\count91
\calc@Cskip=\skip54
)
(/usr/share/texmf-dist/tex/latex/base/ifthen.sty
Package: ifthen 2014/09/29 v1.1c Standard LaTeX ifthen package (DPC)
)
(/usr/share/texmf-dist/tex/latex/psnfss/pifont.sty
Package: pifont 2005/04/12 PSNFSS-v9.2a Pi font support (SPQR) 
LaTeX Font Info:    Try loading font information for U+pzd on input line 63.

(/usr/share/texmf-dist/tex/latex/psnfss/upzd.fd
File: upzd.fd 2001/06/04 font definitions for U/pzd.
)
LaTeX Font Info:    Try loading font information for U+psy on input line 64.

(/usr/share/texmf-dist/tex/latex/psnfss/upsy.fd
File: upsy.fd 2001/06/04 font definitions for U/psy.
))
(/usr/share/texmf-dist/tex/latex/eurosym/eurosym.sty
Package: eurosym 1998/08/06 v1.1 European currency symbol ``Euro''
\@eurobox=\box26
)
(/usr/share/texmf-dist/tex/latex/supertabular/supertabular.sty
Package: supertabular 2004/02/20 v4.1e the supertabular environment
\c@tracingst=\count92
\ST@wd=\dimen108
\ST@rightskip=\skip55
\ST@leftskip=\skip56
\ST@parfillskip=\skip57
\ST@pageleft=\dimen109
\ST@headht=\dimen110
\ST@tailht=\dimen111
\ST@pagesofar=\dimen112
\ST@pboxht=\dimen113
\ST@lineht=\dimen114
\ST@stretchht=\dimen115
\ST@prevht=\dimen116
\ST@toadd=\dimen117
\ST@dimen=\dimen118
\ST@pbox=\box27
)
(/usr/share/texmf-dist/tex/latex/tools/longtable.sty
Package: longtable 2014/10/28 v4.11 Multi-page Table package (DPC)
\LTleft=\skip58
\LTright=\skip59
\LTpre=\skip60
\LTpost=\skip61
\LTchunksize=\count93
\LTcapwidth=\dimen119
\LT@head=\box28
\LT@firsthead=\box29
\LT@foot=\box30
\LT@lastfoot=\box31
\LT@cols=\count94
\LT@rows=\count95
\c@LT@tables=\count96
\c@LT@chunks=\count97
\LT@p@ftn=\toks16
)
(/usr/share/texmf-dist/tex/latex/tools/multicol.sty
Package: multicol 2017/04/11 v1.8q multicolumn formatting (FMi)
\c@tracingmulticols=\count98
\mult@box=\box32
\multicol@leftmargin=\dimen120
\c@unbalance=\count99
\c@collectmore=\count100
\doublecol@number=\count101
\multicoltolerance=\count102
\multicolpretolerance=\count103
\full@width=\dimen121
\page@free=\dimen122
\premulticols=\dimen123
\postmulticols=\dimen124
\multicolsep=\skip62
\multicolbaselineskip=\skip63
\partial@page=\box33
\last@line=\box34
\maxbalancingoverflow=\dimen125
\mult@rightbox=\box35
\mult@grightbox=\box36
\mult@gfirstbox=\box37
\mult@firstbox=\box38
\@tempa=\box39
\@tempa=\box40
\@tempa=\box41
\@tempa=\box42
\@tempa=\box43
\@tempa=\box44
\@tempa=\box45
\@tempa=\box46
\@tempa=\box47
\@tempa=\box48
\@tempa=\box49
\@tempa=\box50
\@tempa=\box51
\@tempa=\box52
\@tempa=\box53
\@tempa=\box54
\@tempa=\box55
\c@columnbadness=\count104
\c@finalcolumnbadness=\count105
\last@try=\dimen126
\multicolovershoot=\dimen127
\multicolundershoot=\dimen128
\mult@nat@firstbox=\box56
\colbreak@box=\box57
\mc@col@check@num=\count106
)
(/usr/share/texmf-dist/tex/latex/wrapfig/wrapfig.sty
\wrapoverhang=\dimen129
\WF@size=\dimen130
\c@WF@wrappedlines=\count107
\WF@box=\box58
\WF@everypar=\toks17
Package: wrapfig 2003/01/31  v 3.6
)
(/usr/share/texmf-dist/tex/latex/fancybox/fancybox.sty
Package: fancybox 2010/05/15 1.4

Style option: `fancybox' v1.4 <2010/05/15> (tvz)
\@fancybox=\box59
\shadowsize=\dimen131
\@Sbox=\box60
\do@VerbBox=\toks18
\the@fancyput=\toks19
\this@fancyput=\toks20
\EndVerbatimTokens=\toks21
\Verbatim@Outfile=\write3
\Verbatim@Infile=\read1
) (/usr/share/texmf-dist/tex/latex/graphics/rotating.sty
Package: rotating 2016/08/11 v2.16d rotated objects in LaTeX

(/usr/share/texmf-dist/tex/latex/graphics/graphicx.sty
Package: graphicx 2017/06/01 v1.1a Enhanced LaTeX Graphics (DPC,SPQR)

(/usr/share/texmf-dist/tex/latex/graphics/keyval.sty
Package: keyval 2014/10/28 v1.15 key=value parser (DPC)
\KV@toks@=\toks22
)
(/usr/share/texmf-dist/tex/latex/graphics/graphics.sty
Package: graphics 2017/06/25 v1.2c Standard LaTeX Graphics (DPC,SPQR)

(/usr/share/texmf-dist/tex/latex/graphics/trig.sty
Package: trig 2016/01/03 v1.10 sin cos tan (DPC)
)
(/usr/share/texmf-dist/tex/latex/graphics-cfg/graphics.cfg
File: graphics.cfg 2016/06/04 v1.11 sample graphics configuration
)
Package graphics Info: Driver file: dvips.def on input line 99.

(/usr/share/texmf-dist/tex/latex/graphics-def/dvips.def
File: dvips.def 2017/06/20 v3.1d Graphics/color driver for dvips
))
\Gin@req@height=\dimen132
\Gin@req@width=\dimen133
)
\c@r@tfl@t=\count108
\rotFPtop=\skip64
\rotFPbot=\skip65
\rot@float@box=\box61
\rot@mess@toks=\toks23
)
(/usr/share/texmf-dist/tex/latex/tools/xspace.sty
Package: xspace 2014/10/28 v1.13 Space after command names (DPC,MH)
)
(/usr/share/texmf-dist/tex/latex/amsmath/amsmath.sty
Package: amsmath 2017/09/02 v2.17a AMS math features
\@mathmargin=\skip66

For additional information on amsmath, use the `?' option.
(/usr/share/texmf-dist/tex/latex/amsmath/amstext.sty
Package: amstext 2000/06/29 v2.01 AMS text

(/usr/share/texmf-dist/tex/latex/amsmath/amsgen.sty
File: amsgen.sty 1999/11/30 v2.0 generic functions
\@emptytoks=\toks24
\ex@=\dimen134
))
(/usr/share/texmf-dist/tex/latex/amsmath/amsbsy.sty
Package: amsbsy 1999/11/29 v1.2d Bold Symbols
\pmbraise@=\dimen135
)
(/usr/share/texmf-dist/tex/latex/amsmath/amsopn.sty
Package: amsopn 2016/03/08 v2.02 operator names
)
\inf@bad=\count109
LaTeX Info: Redefining \frac on input line 213.
\uproot@=\count110
\leftroot@=\count111
LaTeX Info: Redefining \overline on input line 375.
\classnum@=\count112
\DOTSCASE@=\count113
LaTeX Info: Redefining \ldots on input line 472.
LaTeX Info: Redefining \dots on input line 475.
LaTeX Info: Redefining \cdots on input line 596.
\Mathstrutbox@=\box62
\strutbox@=\box63
\big@size=\dimen136
LaTeX Font Info:    Redeclaring font encoding OML on input line 712.
LaTeX Font Info:    Redeclaring font encoding OMS on input line 713.
\macc@depth=\count114
\c@MaxMatrixCols=\count115
\dotsspace@=\muskip10
\c@parentequation=\count116
\dspbrk@lvl=\count117
\tag@help=\toks25
\row@=\count118
\column@=\count119
\maxfields@=\count120
\andhelp@=\toks26
\eqnshift@=\dimen137
\alignsep@=\dimen138
\tagshift@=\dimen139
\tagwidth@=\dimen140
\totwidth@=\dimen141
\lineht@=\dimen142
\@envbody=\toks27
\multlinegap=\skip67
\multlinetaggap=\skip68
\mathdisplay@stack=\toks28
LaTeX Info: Redefining \[ on input line 2817.
LaTeX Info: Redefining \] on input line 2818.
)
(/usr/share/texmf-dist/tex/latex/amsfonts/amssymb.sty
Package: amssymb 2013/01/14 v3.01 AMS font symbols

(/usr/share/texmf-dist/tex/latex/amsfonts/amsfonts.sty
Package: amsfonts 2013/01/14 v3.01 Basic AMSFonts support
\symAMSa=\mathgroup4
\symAMSb=\mathgroup5
LaTeX Font Info:    Overwriting math alphabet `\mathfrak' in version `bold'
(Font)                  U/euf/m/n --> U/euf/b/n on input line 106.
))
(/usr/share/texmf-dist/tex/latex/tools/verbatim.sty
Package: verbatim 2014/10/28 v1.5q LaTeX2e package for verbatim enhancements
\every@verbatim=\toks29
\verbatim@line=\toks30
\verbatim@in@stream=\read2
)
(/usr/share/texmf-dist/tex/latex/jknapltx/mathrsfs.sty
Package: mathrsfs 1996/01/01 Math RSFS package v1.0 (jk)
\symrsfs=\mathgroup6
)
(/usr/share/texmf-dist/tex/latex/doublestroke/dsfont.sty
Package: dsfont 1995/08/01 v0.1 Double stroke roman fonts
)
(/usr/share/texmf-dist/tex/latex/tools/array.sty
Package: array 2016/10/06 v2.4d Tabular extension package (FMi)
\col@sep=\dimen143
\extrarowheight=\dimen144
\NC@list=\toks31
\extratabsurround=\skip69
\backup@length=\skip70
)
(/usr/share/texmf-dist/tex/latex/curves/curves.sty
Package: curves 2017/08/25 1.55 Curves for LaTeX picture environment
\;sc=\count121
\;scp=\count122
\;t=\count123
\;cc=\count124
\;cnd=\count125
\;mcnd=\count126
\;np=\count127
\;overhang=\count128
\;pbs=\count129
\;pns=\count130
\;psc=\count131
\;rc=\count132
\;rtc=\count133
\;tc=\count134
\csdiameter=\skip71
\curvelength=\skip72
\overhang=\skip73
\;x=\skip74
\;dx=\skip75
\;ddx=\skip76
\;y=\skip77
\;dy=\skip78
\;ddy=\skip79
\;pl=\skip80
\;ucd=\skip81
\;csbox=\box64
\;pt=\box65
\;strline=\toks32
\m;ssingcoord=\toks33
\;negdash=\toks34
\;oddcoord=\toks35
\;wc=\count135
\;X=\skip82
\;Y=\skip83
)
(/usr/share/texmf-dist/tex/latex/eepic/epic.sty
Enhancements to Picture Environment. Version 1.2 - Released June 1, 1986
\@@multicnt=\count136
\d@lta=\count137
\@delta=\dimen145
\@@delta=\dimen146
\@gridcnt=\count138
\@joinkind=\count139
\@dotgap=\dimen147
\@ddotgap=\dimen148
\@x@diff=\count140
\@y@diff=\count141
\x@diff=\dimen149
\y@diff=\dimen150
\@dotbox=\box66
\num@segments=\count142
\num@segmentsi=\count143
\@datafile=\read3
) (/usr/share/texmf-dist/tex/latex/eepic/eepic.sty
Extension to Epic and LaTeX. Version 1.1e - Released Dec 21, 1999
\@gphlinewidth=\count144
\@eepictcnt=\count145
\@tempdimc=\dimen151
\maxovaldiam=\dimen152
\@filltype=\box67
) (/usr/share/texmf-dist/tex/latex/graphics/epsfig.sty
Package: epsfig 2017/06/25 v1.7b (e)psfig emulation (SPQR)
\epsfxsize=\dimen153
\epsfysize=\dimen154
)
\c@nombreDeCorriges=\count146
Package babel Info: Redefining frenchb shorthand :
(babel)             in language  on input line 658.
\c@ifnote=\count147
\c@IfAlignementEnonces=\count148
\c@Corrige=\count149
\c@Equation=\count150
\c@numerocorrige=\count151
\c@decalagegris=\count152
\barreHorizontaleVarTitre=\skip84
\PartieWidth=\skip85
\c@corrigeMoinsUn=\count153
\positionVerticaleDuRectangle=\skip86
\positionHorizontaleDuRectangle=\skip87
\longueurDuRectangle=\skip88
\Sujet=\skip89
\Resume=\skip90
\Enonces=\skip91
\Corriges=\skip92
\tdmEntreLesColonnes=\skip93
\tdmspace=\skip94
\tdmintraspace=\skip95
\tdmEspaceAvantTitreConcours=\skip96
\tdmEspaceApresTitreConcours=\skip97
\TitreCouche=\skip98
\alignelength=\skip99
\questionremarqueLeftWidth=\skip100
\margesepRef=\skip101
\questionremarqueDepth=\skip102
\longueurindentation=\skip103
\c@Note=\count154
\c@notesimple=\count155
\c@notemark=\count156
\c@notemarkref=\count157
\c@notetext=\count158
\c@notetextref=\count159
\c@cinquantaine=\count160
\c@centaine=\count161
\bk@bxb=\box68
\bk@bxa=\box69
\bk@lcnt=\count162
\strutdepth=\skip104
\c@Centers=\count163
\c@vcenterstest=\count164
\leftlength=\skip105
\rightlength=\skip106
\calculskip=\skip107
\boite=\box70
\bracketlength=\skip108
\longueurarcdecercle=\skip109
\pmlength=\skip110
LaTeX Font Info:    Try loading font information for U+msa on input line 3088.

(/usr/share/texmf-dist/tex/latex/amsfonts/umsa.fd
File: umsa.fd 2013/01/14 v3.01 AMS symbols A
)
LaTeX Font Info:    Try loading font information for U+msb on input line 3088.

(/usr/share/texmf-dist/tex/latex/amsfonts/umsb.fd
File: umsb.fd 2013/01/14 v3.01 AMS symbols B
)
LaTeX Font Info:    Try loading font information for U+rsfs on input line 3088.


(/usr/share/texmf-dist/tex/latex/jknapltx/ursfs.fd
File: ursfs.fd 1998/03/24 rsfs font definition file (jk)
)
\pmsmalllength=\skip111
LaTeX Info: Redefining \pm on input line 3091.
\pmgraslength=\skip112
\pmgrassmalllength=\skip113
\restsubwidth=\skip114
\restsubheight=\skip115
\restsubmoreheight=\skip116
LaTeX Font Info:    Redeclaring symbol font `rsfs' on input line 3709.
LaTeX Font Info:    Overwriting symbol font `rsfs' in version `normal'
(Font)                  U/rsfs/m/n --> U/rsfs/m/n on input line 3709.
LaTeX Font Info:    Overwriting symbol font `rsfs' in version `bold'
(Font)                  U/rsfs/m/n --> U/rsfs/m/n on input line 3709.
\moreinterligne=\skip117
\letterarrowvskip=\skip118
\vectlength=\skip119
\vectheight=\skip120
\boxlength=\skip121
\smoreinterligne=\skip122
\sletterarrowvskip=\skip123
\svectlength=\skip124
\svectheight=\skip125
\sboxlength=\skip126
\sebtemp=\skip127
\boxrulewidth=\skip128
\boxrulesep=\skip129
\gauchelong=\skip130
\gauchelongadd=\skip131
\droitelong=\skip132
\colonnealong=\skip133
\colonneblong=\skip134
\colonneclong=\skip135
\maxhaut=\skip136
\maxbas=\skip137
) (./main.aux (./papier.aux))
\openout1 = `main.aux'.

LaTeX Font Info:    Checking defaults for OML/cmm/m/it on input line 4.
LaTeX Font Info:    ... okay on input line 4.
LaTeX Font Info:    Checking defaults for T1/cmr/m/n on input line 4.
LaTeX Font Info:    ... okay on input line 4.
LaTeX Font Info:    Checking defaults for OT1/cmr/m/n on input line 4.
LaTeX Font Info:    ... okay on input line 4.
LaTeX Font Info:    Checking defaults for OMS/cmsy/m/n on input line 4.
LaTeX Font Info:    ... okay on input line 4.
LaTeX Font Info:    Checking defaults for OMX/cmex/m/n on input line 4.
LaTeX Font Info:    ... okay on input line 4.
LaTeX Font Info:    Checking defaults for U/cmr/m/n on input line 4.
LaTeX Font Info:    ... okay on input line 4.
\openout2 = `papier.aux'.

 (./papier.tex
Overfull \hbox (17.91576pt too wide) in alignment at lines 76--107
[] [] [] [] []
 []


Underfull \vbox (badness 5105) has occurred while \output is active []

 [1


])
[2] (./main.aux (./papier.aux)) ) 
Here is how much of TeX's memory you used:
 5109 strings out of 492983
 56502 string characters out of 6138606
 153425 words of memory out of 5000000
 8569 multiletter control sequences out of 15000+600000
 12972 words of font info for 39 fonts, out of 8000000 for 9000
 1141 hyphenation exceptions out of 8191
 34i,15n,43p,284b,258s stack positions out of 5000i,500n,10000p,200000b,80000s

Output written on main.dvi (2 pages, 9912 bytes).
